<?xml version="1.0" encoding="UTF-8"?><testsuite errors="1" failures="0" name="Hacer Login" skipped="0" tests="5" time="86.31" timestamp="2021-10-25 01:09:20"><testcase name="Inicio de sesion donde el password es invalido."/><testcase name="Inicio de sesion donde el usuario es invalido."/><testcase name="Inicio de sesion exitoso."><error message="no such element: Unable to locate element: {&quot;method&quot;:&quot;css selector&quot;,&quot;selector&quot;:&quot;#spanMessage&quot;}&#10;  (Session info: chrome=94.0.4606.81)&#10;For documentation on this error, please visit: https://www.seleniumhq.org/exceptions/no_such_element.html&#10;Build info: version: '3.141.59', revision: 'e82be7d358', time: '2018-11-14T08:17:03'&#10;System info: host: 'DESKTOP-E0OVML7', ip: '172.21.176.1', os.name: 'Windows 10', os.arch: 'amd64', os.version: '10.0', java.version: '11.0.7'&#10;Driver info: org.openqa.selenium.chrome.ChromeDriver&#10;Capabilities {acceptInsecureCerts: false, browserName: chrome, browserVersion: 94.0.4606.81, chrome: {chromedriverVersion: 94.0.4606.61 (418b78f5838ed..., userDataDir: C:\Users\cdap_\AppData\Loca...}, goog:chromeOptions: {debuggerAddress: localhost:63319}, javascriptEnabled: true, networkConnectionEnabled: false, pageLoadStrategy: normal, platform: WINDOWS, platformName: WINDOWS, proxy: Proxy(), setWindowRect: true, strictFileInteractability: false, timeouts: {implicit: 0, pageLoad: 300000, script: 30000}, unhandledPromptBehavior: dismiss and notify, webauthn:extension:credBlob: true, webauthn:extension:largeBlob: true, webauthn:virtualAuthenticators: true}&#10;Session ID: 92764009c52784b3b5dd70a4668371aa&#10;*** Element info: {Using=id, value=spanMessage}" type="java.lang.AssertionError">no such element: Unable to locate element: {"method":"css selector","selector":"#spanMessage"}
  (Session info: chrome=94.0.4606.81)
For documentation on this error, please visit: https://www.seleniumhq.org/exceptions/no_such_element.html
Build info: version: '3.141.59', revision: 'e82be7d358', time: '2018-11-14T08:17:03'
System info: host: 'DESKTOP-E0OVML7', ip: '172.21.176.1', os.name: 'Windows 10', os.arch: 'amd64', os.version: '10.0', java.version: '11.0.7'
Driver info: org.openqa.selenium.chrome.ChromeDriver
Capabilities {acceptInsecureCerts: false, browserName: chrome, browserVersion: 94.0.4606.81, chrome: {chromedriverVersion: 94.0.4606.61 (418b78f5838ed..., userDataDir: C:\Users\cdap_\AppData\Loca...}, goog:chromeOptions: {debuggerAddress: localhost:63319}, javascriptEnabled: true, networkConnectionEnabled: false, pageLoadStrategy: normal, platform: WINDOWS, platformName: WINDOWS, proxy: Proxy(), setWindowRect: true, strictFileInteractability: false, timeouts: {implicit: 0, pageLoad: 300000, script: 30000}, unhandledPromptBehavior: dismiss and notify, webauthn:extension:credBlob: true, webauthn:extension:largeBlob: true, webauthn:virtualAuthenticators: true}
Session ID: 92764009c52784b3b5dd70a4668371aa
*** Element info: {Using=id, value=spanMessage}</error><system-err>no such element: Unable to locate element: {"method":"css selector","selector":"#spanMessage"}
  (Session info: chrome=94.0.4606.81)
For documentation on this error, please visit: https://www.seleniumhq.org/exceptions/no_such_element.html
Build info: version: '3.141.59', revision: 'e82be7d358', time: '2018-11-14T08:17:03'
System info: host: 'DESKTOP-E0OVML7', ip: '172.21.176.1', os.name: 'Windows 10', os.arch: 'amd64', os.version: '10.0', java.version: '11.0.7'
Driver info: org.openqa.selenium.chrome.ChromeDriver
Capabilities {acceptInsecureCerts: false, browserName: chrome, browserVersion: 94.0.4606.81, chrome: {chromedriverVersion: 94.0.4606.61 (418b78f5838ed..., userDataDir: C:\Users\cdap_\AppData\Loca...}, goog:chromeOptions: {debuggerAddress: localhost:63319}, javascriptEnabled: true, networkConnectionEnabled: false, pageLoadStrategy: normal, platform: WINDOWS, platformName: WINDOWS, proxy: Proxy(), setWindowRect: true, strictFileInteractability: false, timeouts: {implicit: 0, pageLoad: 300000, script: 30000}, unhandledPromptBehavior: dismiss and notify, webauthn:extension:credBlob: true, webauthn:extension:largeBlob: true, webauthn:virtualAuthenticators: true}
Session ID: 92764009c52784b3b5dd70a4668371aa
*** Element info: {Using=id, value=spanMessage}&#13;
co.com.sofka.stepdefnitions.webui.login.LoginWithCucumberStepDefinition.elSistemaDeberaMostrarLaPaginaDeUsuarios(LoginWithCucumberStepDefinition.java:76)&#13;
✽.el sistema debera mostrar la pagina de usuarios.(file:///D:/Users/cdap_/Downloads/soap%20service%20example/webUI%20service/src/test/resources/features/webui/login/login.feature:21)&#13;
</system-err></testcase><testcase name="Inicio de sesion con usuario en blanco y password cualquiera."/><testcase name="Inicio de sesion con usuario cualquiera y password en blanco."/></testsuite>