<?xml version="1.0" encoding="UTF-8"?><testsuite errors="1" failures="0" name="Hacer Login" skipped="1" tests="2" time="79.84" timestamp="2021-10-24 11:05:42"><testcase name="Login con datos correctos"><error type="java.lang.NullPointerException"/><system-err>null&#13;
co.com.sofka.tasks.HacerLogin.performAs(HacerLogin.java:41)&#13;
co.com.sofka.stepdefnitions.webui.login.LoginWithCucumberStepDefinition.diligenciaLosDatosCorrectos(LoginWithCucumberStepDefinition.java:34)&#13;
io.cucumber.java.Invoker.invoke(Invoker.java:27)&#13;
io.cucumber.java.JavaStepDefinition.execute(JavaStepDefinition.java:27)&#13;
io.cucumber.core.runner.PickleStepDefinitionMatch.runStep(PickleStepDefinitionMatch.java:63)&#13;
io.cucumber.core.runner.TestStep.executeStep(TestStep.java:64)&#13;
io.cucumber.core.runner.TestStep.run(TestStep.java:49)&#13;
io.cucumber.core.runner.PickleStepTestStep.run(PickleStepTestStep.java:46)&#13;
io.cucumber.core.runner.TestCase.run(TestCase.java:51)&#13;
io.cucumber.core.runner.Runner.runPickle(Runner.java:67)&#13;
io.cucumber.junit.FeatureRunner.runChild(FeatureRunner.java:83)&#13;
io.cucumber.junit.FeatureRunner.runChild(FeatureRunner.java:24)&#13;
io.cucumber.junit.CucumberSerenityRunner.runChild(CucumberSerenityRunner.java:227)&#13;
io.cucumber.junit.CucumberSerenityRunner.runChild(CucumberSerenityRunner.java:54)&#13;
</system-err></testcase><testcase name="login con datos incorrectos"><skipped/></testcase></testsuite>